d:\cursuri\gameloft\my_first_game_engine\newtrainingframework_2015\utilities\debug-nvidia\utilities.pch
d:\cursuri\gameloft\my_first_game_engine\newtrainingframework_2015\bin-nvidia\utilities.pdb
d:\cursuri\gameloft\my_first_game_engine\newtrainingframework_2015\bin-nvidia\utilities.idb
d:\cursuri\gameloft\my_first_game_engine\newtrainingframework_2015\utilities\debug-nvidia\utilities.pchast
d:\cursuri\gameloft\my_first_game_engine\newtrainingframework_2015\utilities\debug-nvidia\stdafx.nativecodeanalysis.sarif
d:\cursuri\gameloft\my_first_game_engine\newtrainingframework_2015\utilities\debug-nvidia\stdafx.nativecodeanalysis.xml
d:\cursuri\gameloft\my_first_game_engine\newtrainingframework_2015\utilities\debug-nvidia\stdafx.obj
d:\cursuri\gameloft\my_first_game_engine\newtrainingframework_2015\utilities\debug-nvidia\esshader.nativecodeanalysis.sarif
d:\cursuri\gameloft\my_first_game_engine\newtrainingframework_2015\utilities\debug-nvidia\esshader.nativecodeanalysis.xml
d:\cursuri\gameloft\my_first_game_engine\newtrainingframework_2015\utilities\debug-nvidia\esutil.nativecodeanalysis.sarif
d:\cursuri\gameloft\my_first_game_engine\newtrainingframework_2015\utilities\debug-nvidia\esutil.nativecodeanalysis.xml
d:\cursuri\gameloft\my_first_game_engine\newtrainingframework_2015\utilities\debug-nvidia\esutil_win.nativecodeanalysis.sarif
d:\cursuri\gameloft\my_first_game_engine\newtrainingframework_2015\utilities\debug-nvidia\esutil_win.nativecodeanalysis.xml
d:\cursuri\gameloft\my_first_game_engine\newtrainingframework_2015\utilities\debug-nvidia\math.nativecodeanalysis.sarif
d:\cursuri\gameloft\my_first_game_engine\newtrainingframework_2015\utilities\debug-nvidia\math.nativecodeanalysis.xml
d:\cursuri\gameloft\my_first_game_engine\newtrainingframework_2015\utilities\debug-nvidia\tga.nativecodeanalysis.sarif
d:\cursuri\gameloft\my_first_game_engine\newtrainingframework_2015\utilities\debug-nvidia\tga.nativecodeanalysis.xml
d:\cursuri\gameloft\my_first_game_engine\newtrainingframework_2015\utilities\debug-nvidia\tga.obj
d:\cursuri\gameloft\my_first_game_engine\newtrainingframework_2015\utilities\debug-nvidia\esutil_win.obj
d:\cursuri\gameloft\my_first_game_engine\newtrainingframework_2015\utilities\debug-nvidia\esutil.obj
d:\cursuri\gameloft\my_first_game_engine\newtrainingframework_2015\utilities\debug-nvidia\esshader.obj
d:\cursuri\gameloft\my_first_game_engine\newtrainingframework_2015\utilities\debug-nvidia\math.obj
d:\cursuri\gameloft\my_first_game_engine\newtrainingframework_2015\bin-nvidia\utilities.lib
d:\cursuri\gameloft\my_first_game_engine\newtrainingframework_2015\utilities\debug-nvidia\vc.nativecodeanalysis.all.xml
d:\cursuri\gameloft\my_first_game_engine\newtrainingframework_2015\\bin-nvidia\utilities.pdb
d:\cursuri\gameloft\my_first_game_engine\newtrainingframework_2015\utilities\debug-nvidia\utilities.tlog\cl.command.1.tlog
d:\cursuri\gameloft\my_first_game_engine\newtrainingframework_2015\utilities\debug-nvidia\utilities.tlog\cl.read.1.tlog
d:\cursuri\gameloft\my_first_game_engine\newtrainingframework_2015\utilities\debug-nvidia\utilities.tlog\cl.write.1.tlog
d:\cursuri\gameloft\my_first_game_engine\newtrainingframework_2015\utilities\debug-nvidia\utilities.tlog\lib-link.read.1.tlog
d:\cursuri\gameloft\my_first_game_engine\newtrainingframework_2015\utilities\debug-nvidia\utilities.tlog\lib-link.write.1.tlog
d:\cursuri\gameloft\my_first_game_engine\newtrainingframework_2015\utilities\debug-nvidia\utilities.tlog\lib.command.1.tlog
