d:\cursuri\gameloft\my_first_game_engine\newtrainingframework_2015\newtrainingframework\debug-nvidia\newtrainingframework.pch
d:\cursuri\gameloft\my_first_game_engine\newtrainingframework_2015\newtrainingframework\debug-nvidia\vc142.pdb
d:\cursuri\gameloft\my_first_game_engine\newtrainingframework_2015\newtrainingframework\debug-nvidia\vc142.idb
d:\cursuri\gameloft\my_first_game_engine\newtrainingframework_2015\newtrainingframework\debug-nvidia\newtrainingframework.pchast
d:\cursuri\gameloft\my_first_game_engine\newtrainingframework_2015\newtrainingframework\debug-nvidia\stdafx.nativecodeanalysis.sarif
d:\cursuri\gameloft\my_first_game_engine\newtrainingframework_2015\newtrainingframework\debug-nvidia\stdafx.nativecodeanalysis.xml
d:\cursuri\gameloft\my_first_game_engine\newtrainingframework_2015\newtrainingframework\debug-nvidia\stdafx.obj
d:\cursuri\gameloft\my_first_game_engine\newtrainingframework_2015\newtrainingframework\debug-nvidia\camera.nativecodeanalysis.sarif
d:\cursuri\gameloft\my_first_game_engine\newtrainingframework_2015\newtrainingframework\debug-nvidia\camera.nativecodeanalysis.xml
d:\cursuri\gameloft\my_first_game_engine\newtrainingframework_2015\newtrainingframework\debug-nvidia\newtrainingframework.nativecodeanalysis.sarif
d:\cursuri\gameloft\my_first_game_engine\newtrainingframework_2015\newtrainingframework\debug-nvidia\newtrainingframework.nativecodeanalysis.xml
d:\cursuri\gameloft\my_first_game_engine\newtrainingframework_2015\newtrainingframework\debug-nvidia\resourcemanager.nativecodeanalysis.sarif
d:\cursuri\gameloft\my_first_game_engine\newtrainingframework_2015\newtrainingframework\debug-nvidia\resourcemanager.nativecodeanalysis.xml
d:\cursuri\gameloft\my_first_game_engine\newtrainingframework_2015\newtrainingframework\debug-nvidia\scenemanager.nativecodeanalysis.sarif
d:\cursuri\gameloft\my_first_game_engine\newtrainingframework_2015\newtrainingframework\debug-nvidia\scenemanager.nativecodeanalysis.xml
d:\cursuri\gameloft\my_first_game_engine\newtrainingframework_2015\newtrainingframework\debug-nvidia\sceneobject.nativecodeanalysis.sarif
d:\cursuri\gameloft\my_first_game_engine\newtrainingframework_2015\newtrainingframework\debug-nvidia\sceneobject.nativecodeanalysis.xml
d:\cursuri\gameloft\my_first_game_engine\newtrainingframework_2015\newtrainingframework\debug-nvidia\shaders.nativecodeanalysis.sarif
d:\cursuri\gameloft\my_first_game_engine\newtrainingframework_2015\newtrainingframework\debug-nvidia\shaders.nativecodeanalysis.xml
d:\cursuri\gameloft\my_first_game_engine\newtrainingframework_2015\newtrainingframework\debug-nvidia\shaders.obj
d:\cursuri\gameloft\my_first_game_engine\newtrainingframework_2015\newtrainingframework\debug-nvidia\sceneobject.obj
d:\cursuri\gameloft\my_first_game_engine\newtrainingframework_2015\newtrainingframework\debug-nvidia\scenemanager.obj
d:\cursuri\gameloft\my_first_game_engine\newtrainingframework_2015\newtrainingframework\debug-nvidia\newtrainingframework.obj
d:\cursuri\gameloft\my_first_game_engine\newtrainingframework_2015\newtrainingframework\debug-nvidia\camera.obj
d:\cursuri\gameloft\my_first_game_engine\newtrainingframework_2015\newtrainingframework\debug-nvidia\resourcemanager.obj
d:\cursuri\gameloft\my_first_game_engine\newtrainingframework_2015\newtrainingframework\debug-nvidia\model.obj
d:\cursuri\gameloft\my_first_game_engine\newtrainingframework_2015\newtrainingframework\debug-nvidia\texture.obj
d:\cursuri\gameloft\my_first_game_engine\newtrainingframework_2015\newtrainingframework\debug-nvidia\globals.obj
d:\cursuri\gameloft\my_first_game_engine\newtrainingframework_2015\bin-nvidia\newtrainingframework.exe
d:\cursuri\gameloft\my_first_game_engine\newtrainingframework_2015\newtrainingframework\debug-nvidia\newtrainingframework.ilk
d:\cursuri\gameloft\my_first_game_engine\newtrainingframework_2015\bin-nvidia\newtrainingframework.pdb
d:\cursuri\gameloft\my_first_game_engine\newtrainingframework_2015\newtrainingframework\debug-nvidia\vc.nativecodeanalysis.all.xml
d:\cursuri\gameloft\my_first_game_engine\newtrainingframework_2015\\bin-nvidia\newtrainingframework.pdb
d:\cursuri\gameloft\my_first_game_engine\newtrainingframework_2015\newtrainingframework\debug-nvidia\newtrain.fc024ec8.tlog\cl.command.1.tlog
d:\cursuri\gameloft\my_first_game_engine\newtrainingframework_2015\newtrainingframework\debug-nvidia\newtrain.fc024ec8.tlog\cl.read.1.tlog
d:\cursuri\gameloft\my_first_game_engine\newtrainingframework_2015\newtrainingframework\debug-nvidia\newtrain.fc024ec8.tlog\cl.write.1.tlog
d:\cursuri\gameloft\my_first_game_engine\newtrainingframework_2015\newtrainingframework\debug-nvidia\newtrain.fc024ec8.tlog\link.command.1.tlog
d:\cursuri\gameloft\my_first_game_engine\newtrainingframework_2015\newtrainingframework\debug-nvidia\newtrain.fc024ec8.tlog\link.read.1.tlog
d:\cursuri\gameloft\my_first_game_engine\newtrainingframework_2015\newtrainingframework\debug-nvidia\newtrain.fc024ec8.tlog\link.write.1.tlog
